Starting a Gradle Daemon, 3 busy and 2 incompatible Daemons could not be reused, use --status for details
> Task :compileJava UP-TO-DATE
> Task :processResources UP-TO-DATE
> Task :classes UP-TO-DATE
> Task :resolveMainClassName UP-TO-DATE

> Task :bootRun

  .   ____          _            __ _ _
 /\\ / ___'_ __ _ _(_)_ __  __ _ \ \ \ \
( ( )\___ | '_ | '_| | '_ \/ _` | \ \ \ \
 \\/  ___)| |_)| | | | | || (_| |  ) ) ) )
  '  |____| .__|_| |_|_| |_\__, | / / / /
 =========|_|==============|___/=/_/_/_/

 :: Spring Boot ::                (v4.0.6)

2026-05-08T18:24:28.293-05:00  INFO 13360 --- [eurekaserver] [           main] c.m.e.EurekaserverApplication            : Starting EurekaserverApplication using Java 17.0.9 with PID 13360 (C:\Users\Usuario\Documents\PROGRAMACIËN EN LA NUBE\microservicios\eurekaserver\build\classes\java\main started by Usuario in C:\Users\Usuario\Documents\PROGRAMACIËN EN LA NUBE\microservicios\eurekaserver)
2026-05-08T18:24:28.302-05:00  INFO 13360 --- [eurekaserver] [           main] c.m.e.EurekaserverApplication            : No active profile set, falling back to 1 default profile: "default"
2026-05-08T18:24:30.248-05:00  INFO 13360 --- [eurekaserver] [           main] o.s.cloud.context.scope.GenericScope     : BeanFactory id=311b4834-7374-3033-b98c-5a719135137c
2026-05-08T18:24:30.767-05:00  INFO 13360 --- [eurekaserver] [           main] o.s.boot.tomcat.TomcatWebServer          : Tomcat initialized with port 8761 (http)
2026-05-08T18:24:30.790-05:00  INFO 13360 --- [eurekaserver] [           main] o.apache.catalina.core.StandardService   : Starting service [Tomcat]
2026-05-08T18:24:30.791-05:00  INFO 13360 --- [eurekaserver] [           main] o.apache.catalina.core.StandardEngine    : Starting Servlet engine: [Apache Tomcat/11.0.21]
2026-05-08T18:24:30.913-05:00  INFO 13360 --- [eurekaserver] [           main] b.w.c.s.WebApplicationContextInitializer : Root WebApplicationContext: initialization completed in 2513 ms
2026-05-08T18:24:33.298-05:00  INFO 13360 --- [eurekaserver] [           main] c.n.d.provider.DiscoveryJerseyProvider   : Using JSON encoding codec LegacyJacksonJson
2026-05-08T18:24:33.298-05:00  INFO 13360 --- [eurekaserver] [           main] c.n.d.provider.DiscoveryJerseyProvider   : Using JSON decoding codec LegacyJacksonJson
2026-05-08T18:24:33.701-05:00  INFO 13360 --- [eurekaserver] [           main] c.n.d.provider.DiscoveryJerseyProvider   : Using XML encoding codec XStreamXml
2026-05-08T18:24:33.701-05:00  INFO 13360 --- [eurekaserver] [           main] c.n.d.provider.DiscoveryJerseyProvider   : Using XML decoding codec XStreamXml
2026-05-08T18:24:33.981-05:00  INFO 13360 --- [eurekaserver] [           main] o.s.v.b.OptionalValidatorFactoryBean     : Failed to set up a Bean Validation provider: jakarta.validation.NoProviderFoundException: Unable to create a Configuration, because no Jakarta Validation provider could be found. Add a provider like Hibernate Validator (RI) to your classpath.
2026-05-08T18:24:35.256-05:00  WARN 13360 --- [eurekaserver] [           main] iguration$LoadBalancerCaffeineWarnLogger : Spring Cloud LoadBalancer is currently working with the default cache. While this cache implementation is useful for development and tests, it's recommended to use Caffeine cache in production.You can switch to using Caffeine cache, by adding it and org.springframework.cache.caffeine.CaffeineCacheManager to the classpath.
2026-05-08T18:24:35.352-05:00  INFO 13360 --- [eurekaserver] [           main] o.s.c.n.eureka.InstanceInfoFactory       : Setting initial instance status as: STARTING
2026-05-08T18:24:35.415-05:00  INFO 13360 --- [eurekaserver] [           main] com.netflix.discovery.DiscoveryClient    : Initializing Eureka in region us-east-1
2026-05-08T18:24:35.415-05:00  INFO 13360 --- [eurekaserver] [           main] com.netflix.discovery.DiscoveryClient    : Client configured to neither register nor query for data.
2026-05-08T18:24:35.418-05:00  INFO 13360 --- [eurekaserver] [           main] com.netflix.discovery.DiscoveryClient    : Discovery Client initialized at timestamp 1778282675416 with initial instances count: 0
2026-05-08T18:24:35.482-05:00  INFO 13360 --- [eurekaserver] [           main] c.n.eureka.DefaultEurekaServerContext    : Initializing ...
2026-05-08T18:24:35.485-05:00  INFO 13360 --- [eurekaserver] [           main] c.n.eureka.cluster.PeerEurekaNodes       : Adding new peer nodes [http://localhost:8761/eureka/]
2026-05-08T18:24:35.660-05:00  INFO 13360 --- [eurekaserver] [           main] c.n.d.provider.DiscoveryJerseyProvider   : Using JSON encoding codec LegacyJacksonJson
2026-05-08T18:24:35.660-05:00  INFO 13360 --- [eurekaserver] [           main] c.n.d.provider.DiscoveryJerseyProvider   : Using JSON decoding codec LegacyJacksonJson
2026-05-08T18:24:35.660-05:00  INFO 13360 --- [eurekaserver] [           main] c.n.d.provider.DiscoveryJerseyProvider   : Using XML encoding codec XStreamXml
2026-05-08T18:24:35.661-05:00  INFO 13360 --- [eurekaserver] [           main] c.n.d.provider.DiscoveryJerseyProvider   : Using XML decoding codec XStreamXml
2026-05-08T18:24:35.719-05:00  INFO 13360 --- [eurekaserver] [           main] c.n.eureka.cluster.PeerEurekaNodes       : Replica node URL:  http://localhost:8761/eureka/
2026-05-08T18:24:35.737-05:00  INFO 13360 --- [eurekaserver] [           main] c.n.e.registry.AbstractInstanceRegistry  : Finished initializing remote region registries. All known remote regions: []
2026-05-08T18:24:35.737-05:00  INFO 13360 --- [eurekaserver] [           main] c.n.eureka.DefaultEurekaServerContext    : Initialized
2026-05-08T18:24:35.749-05:00  INFO 13360 --- [eurekaserver] [           main] o.s.b.a.e.web.EndpointLinksResolver      : Exposing 1 endpoint beneath base path '/actuator'
2026-05-08T18:24:35.869-05:00  INFO 13360 --- [eurekaserver] [           main] o.s.c.n.e.s.EurekaServiceRegistry        : Registering application EUREKASERVER with eureka with status UP
2026-05-08T18:24:35.894-05:00  INFO 13360 --- [eurekaserver] [       Thread-9] o.s.c.n.e.server.EurekaServerBootstrap   : isAws returned false
2026-05-08T18:24:35.895-05:00  INFO 13360 --- [eurekaserver] [       Thread-9] o.s.c.n.e.server.EurekaServerBootstrap   : Initialized server context
2026-05-08T18:24:35.895-05:00  INFO 13360 --- [eurekaserver] [       Thread-9] c.n.e.r.PeerAwareInstanceRegistryImpl    : Got 1 instances from neighboring DS node
2026-05-08T18:24:35.895-05:00  INFO 13360 --- [eurekaserver] [       Thread-9] c.n.e.r.PeerAwareInstanceRegistryImpl    : Renew threshold is: 1
2026-05-08T18:24:35.896-05:00  INFO 13360 --- [eurekaserver] [       Thread-9] c.n.e.r.PeerAwareInstanceRegistryImpl    : Changing status to UP
2026-05-08T18:24:35.901-05:00  INFO 13360 --- [eurekaserver] [       Thread-9] e.s.EurekaServerInitializerConfiguration : Started Eureka Server
2026-05-08T18:24:35.922-05:00  INFO 13360 --- [eurekaserver] [           main] o.s.boot.tomcat.TomcatWebServer          : Tomcat started on port 8761 (http) with context path '/'
2026-05-08T18:24:35.923-05:00  INFO 13360 --- [eurekaserver] [           main] .s.c.n.e.s.EurekaAutoServiceRegistration : Updating port to 8761
2026-05-08T18:24:36.044-05:00  INFO 13360 --- [eurekaserver] [           main] c.m.e.EurekaserverApplication            : Started EurekaserverApplication in 8.744 seconds (process running for 9.903)
2026-05-08T18:24:37.971-05:00  INFO 13360 --- [eurekaserver] [nio-8761-exec-1] o.a.c.c.C.[Tomcat].[localhost].[/]       : Initializing Spring DispatcherServlet 'dispatcherServlet'
2026-05-08T18:24:37.971-05:00  INFO 13360 --- [eurekaserver] [nio-8761-exec-1] o.s.web.servlet.DispatcherServlet        : Initializing Servlet 'dispatcherServlet'
2026-05-08T18:24:37.975-05:00  INFO 13360 --- [eurekaserver] [nio-8761-exec-1] o.s.web.servlet.DispatcherServlet        : Completed initialization in 3 ms
2026-05-08T18:25:21.984-05:00  INFO 13360 --- [eurekaserver] [nio-8761-exec-3] c.n.e.registry.AbstractInstanceRegistry  : Registered instance COURSES/DESKTOP-AISCPRQ:courses with status UP (replication=false)
2026-05-08T18:25:23.173-05:00  INFO 13360 --- [eurekaserver] [nio-8761-exec-5] c.n.e.registry.AbstractInstanceRegistry  : Registered instance COURSES/DESKTOP-AISCPRQ:courses with status UP (replication=true)
2026-05-08T18:25:32.399-05:00  INFO 13360 --- [eurekaserver] [nio-8761-exec-7] c.n.e.registry.AbstractInstanceRegistry  : Registered instance ESTUDIANTES/DESKTOP-AISCPRQ:estudiantes:8081 with status UP (replication=false)
2026-05-08T18:25:32.930-05:00  INFO 13360 --- [eurekaserver] [nio-8761-exec-8] c.n.e.registry.AbstractInstanceRegistry  : Registered instance ESTUDIANTES/DESKTOP-AISCPRQ:estudiantes:8081 with status UP (replication=true)
2026-05-08T18:25:35.898-05:00  INFO 13360 --- [eurekaserver] [a-EvictionTimer] c.n.e.registry.AbstractInstanceRegistry  : Running the evict task with compensationTime 0ms
2026-05-08T18:26:35.898-05:00  INFO 13360 --- [eurekaserver] [a-EvictionTimer] c.n.e.registry.AbstractInstanceRegistry  : Running the evict task with compensationTime 0ms
2026-05-08T18:27:35.904-05:00  INFO 13360 --- [eurekaserver] [a-EvictionTimer] c.n.e.registry.AbstractInstanceRegistry  : Running the evict task with compensationTime 5ms
2026-05-08T18:28:35.924-05:00  INFO 13360 --- [eurekaserver] [a-EvictionTimer] c.n.e.registry.AbstractInstanceRegistry  : Running the evict task with compensationTime 20ms
2026-05-08T18:29:35.935-05:00  INFO 13360 --- [eurekaserver] [a-EvictionTimer] c.n.e.registry.AbstractInstanceRegistry  : Running the evict task with compensationTime 10ms
2026-05-08T18:29:52.105-05:00  INFO 13360 --- [eurekaserver] [nio-8761-exec-1] c.n.e.registry.AbstractInstanceRegistry  : Registered instance COURSES/DESKTOP-AISCPRQ:courses with status UP (replication=false)
2026-05-08T18:29:52.651-05:00  INFO 13360 --- [eurekaserver] [nio-8761-exec-2] c.n.e.registry.AbstractInstanceRegistry  : Registered instance COURSES/DESKTOP-AISCPRQ:courses with status UP (replication=true)
2026-05-08T18:30:31.243-05:00  INFO 13360 --- [eurekaserver] [nio-8761-exec-7] c.n.e.registry.AbstractInstanceRegistry  : Registered instance ESTUDIANTES/DESKTOP-AISCPRQ:estudiantes:8081 with status UP (replication=false)
2026-05-08T18:30:31.770-05:00  INFO 13360 --- [eurekaserver] [nio-8761-exec-8] c.n.e.registry.AbstractInstanceRegistry  : Registered instance ESTUDIANTES/DESKTOP-AISCPRQ:estudiantes:8081 with status UP (replication=true)
2026-05-08T18:30:35.935-05:00  INFO 13360 --- [eurekaserver] [a-EvictionTimer] c.n.e.registry.AbstractInstanceRegistry  : Running the evict task with compensationTime 0ms
2026-05-08T18:31:35.940-05:00  INFO 13360 --- [eurekaserver] [a-EvictionTimer] c.n.e.registry.AbstractInstanceRegistry  : Running the evict task with compensationTime 5ms
2026-05-08T18:32:35.981-05:00  INFO 13360 --- [eurekaserver] [a-EvictionTimer] c.n.e.registry.AbstractInstanceRegistry  : Running the evict task with compensationTime 40ms
2026-05-08T18:33:35.988-05:00  INFO 13360 --- [eurekaserver] [a-EvictionTimer] c.n.e.registry.AbstractInstanceRegistry  : Running the evict task with compensationTime 6ms
2026-05-08T18:34:36.000-05:00  INFO 13360 --- [eurekaserver] [a-EvictionTimer] c.n.e.registry.AbstractInstanceRegistry  : Running the evict task with compensationTime 12ms
2026-05-08T18:35:36.014-05:00  INFO 13360 --- [eurekaserver] [a-EvictionTimer] c.n.e.registry.AbstractInstanceRegistry  : Running the evict task with compensationTime 13ms
2026-05-08T18:36:36.016-05:00  INFO 13360 --- [eurekaserver] [a-EvictionTimer] c.n.e.registry.AbstractInstanceRegistry  : Running the evict task with compensationTime 2ms
2026-05-08T18:37:36.017-05:00  INFO 13360 --- [eurekaserver] [a-EvictionTimer] c.n.e.registry.AbstractInstanceRegistry  : Running the evict task with compensationTime 0ms
2026-05-08T18:38:36.049-05:00  INFO 13360 --- [eurekaserver] [a-EvictionTimer] c.n.e.registry.AbstractInstanceRegistry  : Running the evict task with compensationTime 32ms
2026-05-08T18:39:35.759-05:00  INFO 13360 --- [eurekaserver] [hresholdUpdater] c.n.e.r.PeerAwareInstanceRegistryImpl    : Current renewal threshold is : 5
2026-05-08T18:39:36.060-05:00  INFO 13360 --- [eurekaserver] [a-EvictionTimer] c.n.e.registry.AbstractInstanceRegistry  : Running the evict task with compensationTime 11ms
2026-05-08T18:40:36.060-05:00  INFO 13360 --- [eurekaserver] [a-EvictionTimer] c.n.e.registry.AbstractInstanceRegistry  : Running the evict task with compensationTime 0ms
2026-05-08T18:41:36.061-05:00  INFO 13360 --- [eurekaserver] [a-EvictionTimer] c.n.e.registry.AbstractInstanceRegistry  : Running the evict task with compensationTime 0ms
2026-05-08T18:42:36.061-05:00  INFO 13360 --- [eurekaserver] [a-EvictionTimer] c.n.e.registry.AbstractInstanceRegistry  : Running the evict task with compensationTime 0ms
2026-05-08T18:43:36.062-05:00  INFO 13360 --- [eurekaserver] [a-EvictionTimer] c.n.e.registry.AbstractInstanceRegistry  : Running the evict task with compensationTime 1ms
