> Task :compileJava UP-TO-DATE
> Task :processResources UP-TO-DATE
> Task :classes UP-TO-DATE
> Task :resolveMainClassName UP-TO-DATE

> Task :bootRun

  .   ____          _            __ _ _
 /\\ / ___'_ __ _ _(_)_ __  __ _ \ \ \ \
( ( )\___ | '_ | '_| | '_ \/ _` | \ \ \ \
 \\/  ___)| |_)| | | | | || (_| |  ) ) ) )
  '  |____| .__|_| |_|_| |_\__, | / / / /
 =========|_|==============|___/=/_/_/_/

 :: Spring Boot ::                (v4.0.6)

2026-05-08T18:25:04.907-05:00  INFO 4316 --- [courses] [           main] c.m.courses.CoursesApplication           : Starting CoursesApplication using Java 17.0.9 with PID 4316 (C:\Users\Usuario\Documents\PROGRAMACIËN EN LA NUBE\microservicios\courses\build\classes\java\main started by Usuario in C:\Users\Usuario\Documents\PROGRAMACIËN EN LA NUBE\microservicios\courses)
2026-05-08T18:25:04.920-05:00  INFO 4316 --- [courses] [           main] c.m.courses.CoursesApplication           : No active profile set, falling back to 1 default profile: "default"
2026-05-08T18:25:07.606-05:00  INFO 4316 --- [courses] [           main] .s.d.r.c.RepositoryConfigurationDelegate : Bootstrapping Spring Data JPA repositories in DEFAULT mode.
2026-05-08T18:25:08.120-05:00  INFO 4316 --- [courses] [           main] .s.d.r.c.RepositoryConfigurationDelegate : Finished Spring Data repository scanning in 466 ms. Found 1 JPA repository interface.
2026-05-08T18:25:08.695-05:00  INFO 4316 --- [courses] [           main] o.s.cloud.context.scope.GenericScope     : BeanFactory id=0ed6bce6-8351-3afb-a1b5-41eb08653fdf
2026-05-08T18:25:10.221-05:00  INFO 4316 --- [courses] [           main] o.s.boot.tomcat.TomcatWebServer          : Tomcat initialized with port 8080 (http)
2026-05-08T18:25:10.257-05:00  INFO 4316 --- [courses] [           main] o.apache.catalina.core.StandardService   : Starting service [Tomcat]
2026-05-08T18:25:10.257-05:00  INFO 4316 --- [courses] [           main] o.apache.catalina.core.StandardEngine    : Starting Servlet engine: [Apache Tomcat/11.0.21]
2026-05-08T18:25:10.467-05:00  INFO 4316 --- [courses] [           main] b.w.c.s.WebApplicationContextInitializer : Root WebApplicationContext: initialization completed in 5418 ms
2026-05-08T18:25:11.130-05:00  INFO 4316 --- [courses] [           main] org.hibernate.orm.jpa                    : HHH008540: Processing PersistenceUnitInfo [name: default]
2026-05-08T18:25:11.438-05:00  INFO 4316 --- [courses] [           main] org.hibernate.orm.core                   : HHH000001: Hibernate ORM core version 7.2.12.Final
2026-05-08T18:25:13.638-05:00  INFO 4316 --- [courses] [           main] o.s.o.j.p.SpringPersistenceUnitInfo      : No LoadTimeWeaver setup: ignoring JPA class transformer
2026-05-08T18:25:13.734-05:00  INFO 4316 --- [courses] [           main] com.zaxxer.hikari.HikariDataSource       : HikariPool-1 - Starting...
2026-05-08T18:25:14.186-05:00  INFO 4316 --- [courses] [           main] com.zaxxer.hikari.pool.HikariPool        : HikariPool-1 - Added connection org.postgresql.jdbc.PgConnection@7a247711
2026-05-08T18:25:14.189-05:00  INFO 4316 --- [courses] [           main] com.zaxxer.hikari.HikariDataSource       : HikariPool-1 - Start completed.
2026-05-08T18:25:14.446-05:00  INFO 4316 --- [courses] [           main] org.hibernate.orm.connections.pooling    : HHH10001005: Database info:
	Database JDBC URL [jdbc:postgresql://localhost:5432/courses_db]
	Database driver: PostgreSQL JDBC Driver
	Database dialect: PostgreSQLDialect
	Database version: 14.2
	Default catalog/schema: courses_db/public
	Autocommit mode: undefined/unknown
	Isolation level: READ_COMMITTED [default READ_COMMITTED]
	JDBC fetch size: none
	Pool: DataSourceConnectionProvider
	Minimum pool size: undefined/unknown
	Maximum pool size: undefined/unknown
2026-05-08T18:25:17.969-05:00  INFO 4316 --- [courses] [           main] org.hibernate.orm.core                   : HHH000489: No JTA platform available (set 'hibernate.transaction.jta.platform' to enable JTA platform integration)
2026-05-08T18:25:18.120-05:00  INFO 4316 --- [courses] [           main] j.LocalContainerEntityManagerFactoryBean : Initialized JPA EntityManagerFactory for persistence unit 'default'
2026-05-08T18:25:18.393-05:00  INFO 4316 --- [courses] [           main] o.s.d.j.r.query.QueryEnhancerFactories   : Hibernate is in classpath; If applicable, HQL parser will be used.
2026-05-08T18:25:18.605-05:00  WARN 4316 --- [courses] [           main] JpaBaseConfiguration$JpaWebConfiguration : spring.jpa.open-in-view is enabled by default. Therefore, database queries may be performed during view rendering. Explicitly configure spring.jpa.open-in-view to disable this warning
2026-05-08T18:25:19.906-05:00  INFO 4316 --- [courses] [           main] DiscoveryClientOptionalArgsConfiguration : Eureka HTTP Client uses RestClient.
2026-05-08T18:25:19.993-05:00  WARN 4316 --- [courses] [           main] iguration$LoadBalancerCaffeineWarnLogger : Spring Cloud LoadBalancer is currently working with the default cache. While this cache implementation is useful for development and tests, it's recommended to use Caffeine cache in production.You can switch to using Caffeine cache, by adding it and org.springframework.cache.caffeine.CaffeineCacheManager to the classpath.
2026-05-08T18:25:20.049-05:00  INFO 4316 --- [courses] [           main] o.s.c.n.eureka.InstanceInfoFactory       : Setting initial instance status as: STARTING
2026-05-08T18:25:20.102-05:00  INFO 4316 --- [courses] [           main] com.netflix.discovery.DiscoveryClient    : Initializing Eureka in region us-east-1
2026-05-08T18:25:20.110-05:00  INFO 4316 --- [courses] [           main] c.n.d.s.r.aws.ConfigClusterResolver      : Resolving eureka endpoints via configuration
2026-05-08T18:25:20.123-05:00  INFO 4316 --- [courses] [           main] com.netflix.discovery.DiscoveryClient    : Disable delta property : false
2026-05-08T18:25:20.124-05:00  INFO 4316 --- [courses] [           main] com.netflix.discovery.DiscoveryClient    : Single vip registry refresh property : null
2026-05-08T18:25:20.124-05:00  INFO 4316 --- [courses] [           main] com.netflix.discovery.DiscoveryClient    : Force full registry fetch : false
2026-05-08T18:25:20.124-05:00  INFO 4316 --- [courses] [           main] com.netflix.discovery.DiscoveryClient    : Application is null : false
2026-05-08T18:25:20.124-05:00  INFO 4316 --- [courses] [           main] com.netflix.discovery.DiscoveryClient    : Registered Applications size is zero : true
2026-05-08T18:25:20.124-05:00  INFO 4316 --- [courses] [           main] com.netflix.discovery.DiscoveryClient    : Application version is -1: true
2026-05-08T18:25:20.124-05:00  INFO 4316 --- [courses] [           main] com.netflix.discovery.DiscoveryClient    : Getting all instance registry info from the eureka server
2026-05-08T18:25:21.281-05:00  INFO 4316 --- [courses] [           main] com.netflix.discovery.DiscoveryClient    : The response status is 200
2026-05-08T18:25:21.282-05:00  INFO 4316 --- [courses] [           main] com.netflix.discovery.DiscoveryClient    : Starting heartbeat executor: renew interval is: 30
2026-05-08T18:25:21.286-05:00  INFO 4316 --- [courses] [           main] c.n.discovery.InstanceInfoReplicator     : InstanceInfoReplicator onDemand update allowed rate per min is 4
2026-05-08T18:25:21.294-05:00  INFO 4316 --- [courses] [           main] com.netflix.discovery.DiscoveryClient    : Discovery Client initialized at timestamp 1778282721288 with initial instances count: 0
2026-05-08T18:25:21.301-05:00  INFO 4316 --- [courses] [           main] o.s.c.n.e.s.EurekaServiceRegistry        : Registering application COURSES with eureka with status UP
2026-05-08T18:25:21.302-05:00  INFO 4316 --- [courses] [           main] com.netflix.discovery.DiscoveryClient    : Saw local status change event StatusChangeEvent [timestamp=1778282721302, current=UP, previous=STARTING]
2026-05-08T18:25:21.304-05:00  INFO 4316 --- [courses] [foReplicator-%d] com.netflix.discovery.DiscoveryClient    : DiscoveryClient_COURSES/DESKTOP-AISCPRQ:courses: registering service...
2026-05-08T18:25:21.413-05:00  INFO 4316 --- [courses] [           main] o.s.boot.tomcat.TomcatWebServer          : Tomcat started on port 8080 (http) with context path '/'
2026-05-08T18:25:21.414-05:00  INFO 4316 --- [courses] [           main] .s.c.n.e.s.EurekaAutoServiceRegistration : Updating port to 8080
2026-05-08T18:25:21.991-05:00  INFO 4316 --- [courses] [foReplicator-%d] com.netflix.discovery.DiscoveryClient    : DiscoveryClient_COURSES/DESKTOP-AISCPRQ:courses - registration status: 204
2026-05-08T18:25:22.136-05:00  INFO 4316 --- [courses] [           main] c.m.courses.CoursesApplication           : Started CoursesApplication in 18.83 seconds (process running for 20.843)
2026-05-08T18:25:25.767-05:00  INFO 4316 --- [courses] [nio-8080-exec-1] o.a.c.c.C.[Tomcat].[localhost].[/]       : Initializing Spring DispatcherServlet 'dispatcherServlet'
2026-05-08T18:25:25.767-05:00  INFO 4316 --- [courses] [nio-8080-exec-1] o.s.web.servlet.DispatcherServlet        : Initializing Servlet 'dispatcherServlet'
2026-05-08T18:25:25.770-05:00  INFO 4316 --- [courses] [nio-8080-exec-1] o.s.web.servlet.DispatcherServlet        : Completed initialization in 2 ms
Hibernate: select c1_0.id,c1_0.description,c1_0.duration,c1_0.name from courses c1_0
Hibernate: select c1_0.id,c1_0.description,c1_0.duration,c1_0.name from courses c1_0
Hibernate: insert into courses (description,duration,name) values (?,?,?)
Hibernate: select c1_0.id,c1_0.description,c1_0.duration,c1_0.name from courses c1_0 where c1_0.id=?
Hibernate: select c1_0.id,c1_0.description,c1_0.duration,c1_0.name from courses c1_0 where c1_0.id=?
Hibernate: update courses set description=?,duration=?,name=? where id=?
2026-05-08T18:25:51.295-05:00  INFO 4316 --- [courses] [reshExecutor-%d] com.netflix.discovery.DiscoveryClient    : Disable delta property : false
2026-05-08T18:25:51.295-05:00  INFO 4316 --- [courses] [reshExecutor-%d] com.netflix.discovery.DiscoveryClient    : Single vip registry refresh property : null
2026-05-08T18:25:51.295-05:00  INFO 4316 --- [courses] [reshExecutor-%d] com.netflix.discovery.DiscoveryClient    : Force full registry fetch : false
2026-05-08T18:25:51.295-05:00  INFO 4316 --- [courses] [reshExecutor-%d] com.netflix.discovery.DiscoveryClient    : Application is null : false
2026-05-08T18:25:51.296-05:00  INFO 4316 --- [courses] [reshExecutor-%d] com.netflix.discovery.DiscoveryClient    : Registered Applications size is zero : true
2026-05-08T18:25:51.296-05:00  INFO 4316 --- [courses] [reshExecutor-%d] com.netflix.discovery.DiscoveryClient    : Application version is -1: false
2026-05-08T18:25:51.296-05:00  INFO 4316 --- [courses] [reshExecutor-%d] com.netflix.discovery.DiscoveryClient    : Getting all instance registry info from the eureka server
2026-05-08T18:25:51.322-05:00  INFO 4316 --- [courses] [reshExecutor-%d] com.netflix.discovery.DiscoveryClient    : The response status is 200
Hibernate: select c1_0.id,c1_0.description,c1_0.duration,c1_0.name from courses c1_0 where c1_0.id=?
Hibernate: select c1_0.id,c1_0.description,c1_0.duration,c1_0.name from courses c1_0 where c1_0.id=?

> Task :bootRun FAILED
./gradlew.bat : 
En línea: 1 Carácter: 81
+ ... N LA NUBE\microservicios\courses'; ./gradlew.bat bootRun 2>&1 | Out-F ...
+                                        ~~~~~~~~~~~~~~~~~~~~~~~~~~
    + CategoryInfo          : NotSpecified: (:String) [], RemoteException
    + FullyQualifiedErrorId : NativeCommandError
 
FAILURE: Build failed with an exception.

* What went wrong:
Execution failed for task ':bootRun'.
> Process 'command 'C:\Program Files\Java\jdk-17\bin\java.exe'' finished with non-zero exit value -1 (NTSTATUS 
0xFFFFFFFF)

* Try:
> Run with --stacktrace option to get the stack trace.
> Run with --info or --debug option to get more log output.
> Run with --scan to get full insights from a Build Scan (powered by Develocity).
> Get more help at https://help.gradle.org.

BUILD FAILED in 1m 32s
4 actionable tasks: 1 executed, 3 up-to-date
